# JRE version: OpenJDK Runtime Environment Temurin-17.0.5+8 (17.0.5+8) (build 17.0.5+8)
# Java VM: OpenJDK 64-Bit Server VM Temurin-17.0.5+8 (17.0.5+8, mixed mode, tiered, compressed oops, compressed class ptrs, parallel gc, windows-amd64)
GC Precious Log:
 CPUs: 12 total, 12 available
 Memory: 16247M
 Large Page Support: Disabled
 NUMA Support: Disabled
 Compressed Oops: Enabled (32-bit)
 Alignments: Space 512K, Generation 512K, Heap 2M
 Heap Min Capacity: 100M
 Heap Initial Capacity: 100M
 Heap Max Capacity: 1G
 Pre-touch: Disabled
 Parallel Workers: 10
Heap:
 PSYoungGen      total 5120K, used 4800K [0x00000000eab00000, 0x00000000eb100000, 0x0000000100000000)
  eden space 4096K, 100% used [0x00000000eab00000,0x00000000eaf00000,0x00000000eaf00000)
  from space 1024K, 68% used [0x00000000eb000000,0x00000000eb0b0000,0x00000000eb100000)
  to   space 1024K, 0% used [0x00000000eaf00000,0x00000000eaf00000,0x00000000eb000000)
 ParOldGen       total 127488K, used 120773K [0x00000000c0000000, 0x00000000c7c80000, 0x00000000eab00000)
  object space 127488K, 94% used [0x00000000c0000000,0x00000000c75f15b8,0x00000000c7c80000)
 Metaspace       used 71187K, committed 72192K, reserved 1114112K
  class space    used 7237K, committed 7680K, reserved 1048576K
GC Heap History (20 events):
Event: 400.051 GC heap before
{Heap before GC invocations=376 (full 11):
 PSYoungGen      total 3584K, used 3574K [0x00000000eab00000, 0x00000000eb200000, 0x0000000100000000)
  eden space 1536K, 100% used [0x00000000eab00000,0x00000000eac80000,0x00000000eac80000)
  from space 2048K, 99% used [0x00000000eaf00000,0x00000000eb0fd808,0x00000000eb100000)
  to   space 2560K, 0% used [0x00000000eac80000,0x00000000eac80000,0x00000000eaf00000)
 ParOldGen       total 127488K, used 114106K [0x00000000c0000000, 0x00000000c7c80000, 0x00000000eab00000)
  object space 127488K, 89% used [0x00000000c0000000,0x00000000c6f6ebe8,0x00000000c7c80000)
 Metaspace       used 71176K, committed 72128K, reserved 1114112K
  class space    used 7237K, committed 7680K, reserved 1048576K
}
Event: 400.052 GC heap after
{Heap after GC invocations=376 (full 11):
 PSYoungGen      total 4096K, used 1686K [0x00000000eab00000, 0x00000000eb100000, 0x0000000100000000)
  eden space 1536K, 0% used [0x00000000eab00000,0x00000000eab00000,0x00000000eac80000)
  from space 2560K, 65% used [0x00000000eac80000,0x00000000eae25808,0x00000000eaf00000)
  to   space 2048K, 0% used [0x00000000eaf00000,0x00000000eaf00000,0x00000000eb100000)
 ParOldGen       total 127488K, used 115051K [0x00000000c0000000, 0x00000000c7c80000, 0x00000000eab00000)
  object space 127488K, 90% used [0x00000000c0000000,0x00000000c705ae88,0x00000000c7c80000)
 Metaspace       used 71176K, committed 72128K, reserved 1114112K
  class space    used 7237K, committed 7680K, reserved 1048576K
}
Event: 400.057 GC heap before
{Heap before GC invocations=377 (full 11):
 PSYoungGen      total 4096K, used 3221K [0x00000000eab00000, 0x00000000eb100000, 0x0000000100000000)
  eden space 1536K, 99% used [0x00000000eab00000,0x00000000eac7ffa8,0x00000000eac80000)
  from space 2560K, 65% used [0x00000000eac80000,0x00000000eae25808,0x00000000eaf00000)
  to   space 2048K, 0% used [0x00000000eaf00000,0x00000000eaf00000,0x00000000eb100000)
 ParOldGen       total 127488K, used 115051K [0x00000000c0000000, 0x00000000c7c80000, 0x00000000eab00000)
  object space 127488K, 90% used [0x00000000c0000000,0x00000000c705ae88,0x00000000c7c80000)
 Metaspace       used 71176K, committed 72128K, reserved 1114112K
  class space    used 7237K, committed 7680K, reserved 1048576K
}
Event: 400.058 GC heap after
{Heap after GC invocations=377 (full 11):
 PSYoungGen      total 3072K, used 828K [0x00000000eab00000, 0x00000000eb000000, 0x0000000100000000)
  eden space 2048K, 0% used [0x00000000eab00000,0x00000000eab00000,0x00000000ead00000)
  from space 1024K, 80% used [0x00000000eaf00000,0x00000000eafcf018,0x00000000eb000000)
  to   space 1536K, 0% used [0x00000000ead00000,0x00000000ead00000,0x00000000eae80000)
 ParOldGen       total 127488K, used 115811K [0x00000000c0000000, 0x00000000c7c80000, 0x00000000eab00000)
  object space 127488K, 90% used [0x00000000c0000000,0x00000000c7118e88,0x00000000c7c80000)
 Metaspace       used 71176K, committed 72128K, reserved 1114112K
  class space    used 7237K, committed 7680K, reserved 1048576K
}
Event: 400.062 GC heap before
{Heap before GC invocations=378 (full 11):
 PSYoungGen      total 3072K, used 2876K [0x00000000eab00000, 0x00000000eb000000, 0x0000000100000000)
  eden space 2048K, 100% used [0x00000000eab00000,0x00000000ead00000,0x00000000ead00000)
  from space 1024K, 80% used [0x00000000eaf00000,0x00000000eafcf018,0x00000000eb000000)
  to   space 1536K, 0% used [0x00000000ead00000,0x00000000ead00000,0x00000000eae80000)
 ParOldGen       total 127488K, used 115811K [0x00000000c0000000, 0x00000000c7c80000, 0x00000000eab00000)
  object space 127488K, 90% used [0x00000000c0000000,0x00000000c7118e88,0x00000000c7c80000)
 Metaspace       used 71177K, committed 72128K, reserved 1114112K
  class space    used 7237K, committed 7680K, reserved 1048576K
}
Event: 400.063 GC heap after
{Heap after GC invocations=378 (full 11):
 PSYoungGen      total 3584K, used 1084K [0x00000000eab00000, 0x00000000eb080000, 0x0000000100000000)
  eden space 2048K, 0% used [0x00000000eab00000,0x00000000eab00000,0x00000000ead00000)
  from space 1536K, 70% used [0x00000000ead00000,0x00000000eae0f018,0x00000000eae80000)
  to   space 1536K, 0% used [0x00000000eaf00000,0x00000000eaf00000,0x00000000eb080000)
 ParOldGen       total 127488K, used 116243K [0x00000000c0000000, 0x00000000c7c80000, 0x00000000eab00000)
  object space 127488K, 91% used [0x00000000c0000000,0x00000000c7184e88,0x00000000c7c80000)
 Metaspace       used 71177K, committed 72128K, reserved 1114112K
  class space    used 7237K, committed 7680K, reserved 1048576K
}
Event: 400.068 GC heap before
{Heap before GC invocations=379 (full 11):
 PSYoungGen      total 3584K, used 3132K [0x00000000eab00000, 0x00000000eb080000, 0x0000000100000000)
  eden space 2048K, 100% used [0x00000000eab00000,0x00000000ead00000,0x00000000ead00000)
  from space 1536K, 70% used [0x00000000ead00000,0x00000000eae0f018,0x00000000eae80000)
  to   space 1536K, 0% used [0x00000000eaf00000,0x00000000eaf00000,0x00000000eb080000)
 ParOldGen       total 127488K, used 116243K [0x00000000c0000000, 0x00000000c7c80000, 0x00000000eab00000)
  object space 127488K, 91% used [0x00000000c0000000,0x00000000c7184e88,0x00000000c7c80000)
 Metaspace       used 71181K, committed 72128K, reserved 1114112K
  class space    used 7237K, committed 7680K, reserved 1048576K
}
Event: 400.069 GC heap after
{Heap after GC invocations=379 (full 11):
 PSYoungGen      total 3584K, used 752K [0x00000000eab00000, 0x00000000eb000000, 0x0000000100000000)
  eden space 2560K, 0% used [0x00000000eab00000,0x00000000eab00000,0x00000000ead80000)
  from space 1024K, 73% used [0x00000000eaf00000,0x00000000eafbc010,0x00000000eb000000)
  to   space 1024K, 0% used [0x00000000eae00000,0x00000000eae00000,0x00000000eaf00000)
 ParOldGen       total 127488K, used 117161K [0x00000000c0000000, 0x00000000c7c80000, 0x00000000eab00000)
  object space 127488K, 91% used [0x00000000c0000000,0x00000000c726a7f8,0x00000000c7c80000)
 Metaspace       used 71181K, committed 72128K, reserved 1114112K
  class space    used 7237K, committed 7680K, reserved 1048576K
}
Event: 400.076 GC heap before
{Heap before GC invocations=380 (full 11):
 PSYoungGen      total 3584K, used 3312K [0x00000000eab00000, 0x00000000eb000000, 0x0000000100000000)
  eden space 2560K, 100% used [0x00000000eab00000,0x00000000ead80000,0x00000000ead80000)
  from space 1024K, 73% used [0x00000000eaf00000,0x00000000eafbc010,0x00000000eb000000)
  to   space 1024K, 0% used [0x00000000eae00000,0x00000000eae00000,0x00000000eaf00000)
 ParOldGen       total 127488K, used 117161K [0x00000000c0000000, 0x00000000c7c80000, 0x00000000eab00000)
  object space 127488K, 91% used [0x00000000c0000000,0x00000000c726a7f8,0x00000000c7c80000)
 Metaspace       used 71184K, committed 72128K, reserved 1114112K
  class space    used 7237K, committed 7680K, reserved 1048576K
}
Event: 400.077 GC heap after
{Heap after GC invocations=380 (full 11):
 PSYoungGen      total 4096K, used 672K [0x00000000eab00000, 0x00000000eb000000, 0x0000000100000000)
  eden space 3072K, 0% used [0x00000000eab00000,0x00000000eab00000,0x00000000eae00000)
  from space 1024K, 65% used [0x00000000eae00000,0x00000000eaea8000,0x00000000eaf00000)
  to   space 1024K, 0% used [0x00000000eaf00000,0x00000000eaf00000,0x00000000eb000000)
 ParOldGen       total 127488K, used 117766K [0x00000000c0000000, 0x00000000c7c80000, 0x00000000eab00000)
  object space 127488K, 92% used [0x00000000c0000000,0x00000000c7301aa8,0x00000000c7c80000)
 Metaspace       used 71184K, committed 72128K, reserved 1114112K
  class space    used 7237K, committed 7680K, reserved 1048576K
}
Event: 400.085 GC heap before
{Heap before GC invocations=381 (full 11):
 PSYoungGen      total 4096K, used 3744K [0x00000000eab00000, 0x00000000eb000000, 0x0000000100000000)
  eden space 3072K, 100% used [0x00000000eab00000,0x00000000eae00000,0x00000000eae00000)
  from space 1024K, 65% used [0x00000000eae00000,0x00000000eaea8000,0x00000000eaf00000)
  to   space 1024K, 0% used [0x00000000eaf00000,0x00000000eaf00000,0x00000000eb000000)
 ParOldGen       total 127488K, used 117766K [0x00000000c0000000, 0x00000000c7c80000, 0x00000000eab00000)
  object space 127488K, 92% used [0x00000000c0000000,0x00000000c7301aa8,0x00000000c7c80000)
 Metaspace       used 71184K, committed 72128K, reserved 1114112K
  class space    used 7237K, committed 7680K, reserved 1048576K
}
Event: 400.086 GC heap after
{Heap after GC invocations=381 (full 11):
 PSYoungGen      total 4096K, used 640K [0x00000000eab00000, 0x00000000eb100000, 0x0000000100000000)
  eden space 3072K, 0% used [0x00000000eab00000,0x00000000eab00000,0x00000000eae00000)
  from space 1024K, 62% used [0x00000000eaf00000,0x00000000eafa0000,0x00000000eb000000)
  to   space 1024K, 0% used [0x00000000eae00000,0x00000000eae00000,0x00000000eaf00000)
 ParOldGen       total 127488K, used 118302K [0x00000000c0000000, 0x00000000c7c80000, 0x00000000eab00000)
  object space 127488K, 92% used [0x00000000c0000000,0x00000000c7387aa8,0x00000000c7c80000)
 Metaspace       used 71184K, committed 72128K, reserved 1114112K
  class space    used 7237K, committed 7680K, reserved 1048576K
}
Event: 400.098 GC heap before
{Heap before GC invocations=382 (full 11):
 PSYoungGen      total 4096K, used 3712K [0x00000000eab00000, 0x00000000eb100000, 0x0000000100000000)
  eden space 3072K, 100% used [0x00000000eab00000,0x00000000eae00000,0x00000000eae00000)
  from space 1024K, 62% used [0x00000000eaf00000,0x00000000eafa0000,0x00000000eb000000)
  to   space 1024K, 0% used [0x00000000eae00000,0x00000000eae00000,0x00000000eaf00000)
 ParOldGen       total 127488K, used 118302K [0x00000000c0000000, 0x00000000c7c80000, 0x00000000eab00000)
  object space 127488K, 92% used [0x00000000c0000000,0x00000000c7387aa8,0x00000000c7c80000)
 Metaspace       used 71187K, committed 72192K, reserved 1114112K
  class space    used 7237K, committed 7680K, reserved 1048576K
}
Event: 400.099 GC heap after
{Heap after GC invocations=382 (full 11):
 PSYoungGen      total 4096K, used 824K [0x00000000eab00000, 0x00000000eb100000, 0x0000000100000000)
  eden space 3072K, 0% used [0x00000000eab00000,0x00000000eab00000,0x00000000eae00000)
  from space 1024K, 80% used [0x00000000eae00000,0x00000000eaece008,0x00000000eaf00000)
  to   space 1024K, 0% used [0x00000000eb000000,0x00000000eb000000,0x00000000eb100000)
 ParOldGen       total 127488K, used 118869K [0x00000000c0000000, 0x00000000c7c80000, 0x00000000eab00000)
  object space 127488K, 93% used [0x00000000c0000000,0x00000000c74155b0,0x00000000c7c80000)
 Metaspace       used 71187K, committed 72192K, reserved 1114112K
  class space    used 7237K, committed 7680K, reserved 1048576K
}
Event: 400.107 GC heap before
{Heap before GC invocations=383 (full 11):
 PSYoungGen      total 4096K, used 3896K [0x00000000eab00000, 0x00000000eb100000, 0x0000000100000000)
  eden space 3072K, 100% used [0x00000000eab00000,0x00000000eae00000,0x00000000eae00000)
  from space 1024K, 80% used [0x00000000eae00000,0x00000000eaece008,0x00000000eaf00000)
  to   space 1024K, 0% used [0x00000000eb000000,0x00000000eb000000,0x00000000eb100000)
 ParOldGen       total 127488K, used 118869K [0x00000000c0000000, 0x00000000c7c80000, 0x00000000eab00000)
  object space 127488K, 93% used [0x00000000c0000000,0x00000000c74155b0,0x00000000c7c80000)
 Metaspace       used 71187K, committed 72192K, reserved 1114112K
  class space    used 7237K, committed 7680K, reserved 1048576K
}
Event: 400.108 GC heap after
{Heap after GC invocations=383 (full 11):
 PSYoungGen      total 5120K, used 768K [0x00000000eab00000, 0x00000000eb100000, 0x0000000100000000)
  eden space 4096K, 0% used [0x00000000eab00000,0x00000000eab00000,0x00000000eaf00000)
  from space 1024K, 75% used [0x00000000eb000000,0x00000000eb0c0000,0x00000000eb100000)
  to   space 1024K, 0% used [0x00000000eaf00000,0x00000000eaf00000,0x00000000eb000000)
 ParOldGen       total 127488K, used 119573K [0x00000000c0000000, 0x00000000c7c80000, 0x00000000eab00000)
  object space 127488K, 93% used [0x00000000c0000000,0x00000000c74c55b8,0x00000000c7c80000)
 Metaspace       used 71187K, committed 72192K, reserved 1114112K
  class space    used 7237K, committed 7680K, reserved 1048576K
}
Event: 400.119 GC heap before
{Heap before GC invocations=384 (full 11):
 PSYoungGen      total 5120K, used 4864K [0x00000000eab00000, 0x00000000eb100000, 0x0000000100000000)
  eden space 4096K, 100% used [0x00000000eab00000,0x00000000eaf00000,0x00000000eaf00000)
  from space 1024K, 75% used [0x00000000eb000000,0x00000000eb0c0000,0x00000000eb100000)
  to   space 1024K, 0% used [0x00000000eaf00000,0x00000000eaf00000,0x00000000eb000000)
 ParOldGen       total 127488K, used 119573K [0x00000000c0000000, 0x00000000c7c80000, 0x00000000eab00000)
  object space 127488K, 93% used [0x00000000c0000000,0x00000000c74c55b8,0x00000000c7c80000)
 Metaspace       used 71187K, committed 72192K, reserved 1114112K
  class space    used 7237K, committed 7680K, reserved 1048576K
}
Event: 400.120 GC heap after
{Heap after GC invocations=384 (full 11):
 PSYoungGen      total 5120K, used 800K [0x00000000eab00000, 0x00000000eb100000, 0x0000000100000000)
  eden space 4096K, 0% used [0x00000000eab00000,0x00000000eab00000,0x00000000eaf00000)
  from space 1024K, 78% used [0x00000000eaf00000,0x00000000eafc8000,0x00000000eb000000)
  to   space 1024K, 0% used [0x00000000eb000000,0x00000000eb000000,0x00000000eb100000)
 ParOldGen       total 127488K, used 120093K [0x00000000c0000000, 0x00000000c7c80000, 0x00000000eab00000)
  object space 127488K, 94% used [0x00000000c0000000,0x00000000c75475b8,0x00000000c7c80000)
 Metaspace       used 71187K, committed 72192K, reserved 1114112K
  class space    used 7237K, committed 7680K, reserved 1048576K
}
Event: 400.129 GC heap before
{Heap before GC invocations=385 (full 11):
 PSYoungGen      total 5120K, used 4896K [0x00000000eab00000, 0x00000000eb100000, 0x0000000100000000)
  eden space 4096K, 100% used [0x00000000eab00000,0x00000000eaf00000,0x00000000eaf00000)
  from space 1024K, 78% used [0x00000000eaf00000,0x00000000eafc8000,0x00000000eb000000)
  to   space 1024K, 0% used [0x00000000eb000000,0x00000000eb000000,0x00000000eb100000)
 ParOldGen       total 127488K, used 120093K [0x00000000c0000000, 0x00000000c7c80000, 0x00000000eab00000)
  object space 127488K, 94% used [0x00000000c0000000,0x00000000c75475b8,0x00000000c7c80000)
 Metaspace       used 71187K, committed 72192K, reserved 1114112K
  class space    used 7237K, committed 7680K, reserved 1048576K
}
Event: 400.130 GC heap after
{Heap after GC invocations=385 (full 11):
 PSYoungGen      total 5120K, used 704K [0x00000000eab00000, 0x00000000eb100000, 0x0000000100000000)
  eden space 4096K, 0% used [0x00000000eab00000,0x00000000eab00000,0x00000000eaf00000)
  from space 1024K, 68% used [0x00000000eb000000,0x00000000eb0b0000,0x00000000eb100000)
  to   space 1024K, 0% used [0x00000000eaf00000,0x00000000eaf00000,0x00000000eb000000)
 ParOldGen       total 127488K, used 120773K [0x00000000c0000000, 0x00000000c7c80000, 0x00000000eab00000)
  object space 127488K, 94% used [0x00000000c0000000,0x00000000c75f15b8,0x00000000c7c80000)
 Metaspace       used 71187K, committed 72192K, reserved 1114112K
  class space    used 7237K, committed 7680K, reserved 1048576K
}

